2018-04-13 16:10:02 [scrapy.utils.log] INFO: Scrapy 1.5.0 started (bot: weibo_scrapy_api)
2018-04-13 16:10:02 [scrapy.utils.log] INFO: Versions: lxml 4.1.1.0, libxml2 2.9.5, cssselect 1.0.3, parsel 1.2.0, w3lib 1.17.0, Twisted 17.5.0, Python 3.6.2 |Continuum Analytics, Inc.| (default, Jul 20 2017, 12:30:02) [MSC v.1900 64 bit (AMD64)], pyOpenSSL 17.5.0 (OpenSSL 1.0.2n  7 Dec 2017), cryptography 2.1.4, Platform Windows-10-10.0.10586-SP0
2018-04-13 16:10:02 [scrapy.crawler] INFO: Overridden settings: {'BOT_NAME': 'weibo_scrapy_api', 'CONCURRENT_REQUESTS_PER_IP': 300, 'DOWNLOAD_DELAY': 0.2, 'LOG_FILE': 'logs\\default\\comments\\0f0136523ef211e8a678001a7dda7113.log', 'NEWSPIDER_MODULE': 'weibo_scrapy_api.spiders', 'ROBOTSTXT_OBEY': True, 'SPIDER_MODULES': ['weibo_scrapy_api.spiders']}
2018-04-13 16:10:02 [scrapy.middleware] INFO: Enabled extensions:
['scrapy.extensions.corestats.CoreStats',
 'scrapy.extensions.telnet.TelnetConsole',
 'scrapy.extensions.logstats.LogStats']
2018-04-13 16:10:02 [scrapy.middleware] INFO: Enabled downloader middlewares:
['scrapy.downloadermiddlewares.robotstxt.RobotsTxtMiddleware',
 'scrapy.downloadermiddlewares.httpauth.HttpAuthMiddleware',
 'scrapy.downloadermiddlewares.downloadtimeout.DownloadTimeoutMiddleware',
 'scrapy.downloadermiddlewares.defaultheaders.DefaultHeadersMiddleware',
 'scrapy.downloadermiddlewares.useragent.UserAgentMiddleware',
 'scrapy.downloadermiddlewares.retry.RetryMiddleware',
 'scrapy.downloadermiddlewares.redirect.MetaRefreshMiddleware',
 'scrapy.downloadermiddlewares.httpcompression.HttpCompressionMiddleware',
 'scrapy.downloadermiddlewares.redirect.RedirectMiddleware',
 'scrapy.downloadermiddlewares.cookies.CookiesMiddleware',
 'scrapy.downloadermiddlewares.httpproxy.HttpProxyMiddleware',
 'scrapy.downloadermiddlewares.stats.DownloaderStats']
2018-04-13 16:10:02 [scrapy.middleware] INFO: Enabled spider middlewares:
['scrapy.spidermiddlewares.httperror.HttpErrorMiddleware',
 'scrapy.spidermiddlewares.offsite.OffsiteMiddleware',
 'scrapy.spidermiddlewares.referer.RefererMiddleware',
 'scrapy.spidermiddlewares.urllength.UrlLengthMiddleware',
 'scrapy.spidermiddlewares.depth.DepthMiddleware']
2018-04-13 16:10:02 [scrapy.middleware] INFO: Enabled item pipelines:
['weibo_scrapy_api.pipelines.WeiboScrapyApiPipeline']
2018-04-13 16:10:02 [scrapy.core.engine] INFO: Spider opened
2018-04-13 16:10:02 [scrapy.extensions.logstats] INFO: Crawled 0 pages (at 0 pages/min), scraped 0 items (at 0 items/min)
2018-04-13 16:10:02 [scrapy.extensions.telnet] DEBUG: Telnet console listening on 127.0.0.1:6023
2018-04-13 16:10:02 [scrapy.core.engine] DEBUG: Crawled (200) <GET https://m.weibo.cn/robots.txt> (referer: None)
2018-04-13 16:10:03 [scrapy.core.engine] DEBUG: Crawled (200) <GET https://m.weibo.cn/api/comments/show?id=4226462758878143&page=1> (referer: None)
2018-04-13 16:10:04 [scrapy.core.engine] DEBUG: Crawled (200) <GET https://m.weibo.cn/api/comments/show?id=4226462758878143&page=17> (referer: https://m.weibo.cn/api/comments/show?id=4226462758878143&page=1)
2018-04-13 16:10:04 [scrapy.core.scraper] DEBUG: Scraped from <200 https://m.weibo.cn/api/comments/show?id=4226462758878143&page=17>

2018-04-13 16:10:04 [scrapy.core.engine] DEBUG: Crawled (200) <GET https://m.weibo.cn/api/comments/show?id=4226462758878143&page=15> (referer: https://m.weibo.cn/api/comments/show?id=4226462758878143&page=1)
2018-04-13 16:10:04 [scrapy.core.engine] DEBUG: Crawled (200) <GET https://m.weibo.cn/api/comments/show?id=4226462758878143&page=16> (referer: https://m.weibo.cn/api/comments/show?id=4226462758878143&page=1)
2018-04-13 16:10:05 [scrapy.core.scraper] DEBUG: Scraped from <200 https://m.weibo.cn/api/comments/show?id=4226462758878143&page=15>

2018-04-13 16:10:05 [scrapy.core.scraper] DEBUG: Scraped from <200 https://m.weibo.cn/api/comments/show?id=4226462758878143&page=16>

2018-04-13 16:10:05 [scrapy.core.engine] DEBUG: Crawled (200) <GET https://m.weibo.cn/api/comments/show?id=4226462758878143&page=14> (referer: https://m.weibo.cn/api/comments/show?id=4226462758878143&page=1)
2018-04-13 16:10:05 [scrapy.core.scraper] DEBUG: Scraped from <200 https://m.weibo.cn/api/comments/show?id=4226462758878143&page=14>

2018-04-13 16:10:05 [scrapy.core.engine] DEBUG: Crawled (200) <GET https://m.weibo.cn/api/comments/show?id=4226462758878143&page=13> (referer: https://m.weibo.cn/api/comments/show?id=4226462758878143&page=1)
2018-04-13 16:10:06 [scrapy.core.scraper] DEBUG: Scraped from <200 https://m.weibo.cn/api/comments/show?id=4226462758878143&page=13>

2018-04-13 16:10:06 [scrapy.core.engine] DEBUG: Crawled (200) <GET https://m.weibo.cn/api/comments/show?id=4226462758878143&page=11> (referer: https://m.weibo.cn/api/comments/show?id=4226462758878143&page=1)
2018-04-13 16:10:06 [scrapy.core.scraper] DEBUG: Scraped from <200 https://m.weibo.cn/api/comments/show?id=4226462758878143&page=11>

2018-04-13 16:10:06 [scrapy.core.engine] DEBUG: Crawled (200) <GET https://m.weibo.cn/api/comments/show?id=4226462758878143&page=12> (referer: https://m.weibo.cn/api/comments/show?id=4226462758878143&page=1)
2018-04-13 16:10:07 [scrapy.core.scraper] DEBUG: Scraped from <200 https://m.weibo.cn/api/comments/show?id=4226462758878143&page=12>

2018-04-13 16:10:07 [scrapy.core.engine] DEBUG: Crawled (200) <GET https://m.weibo.cn/api/comments/show?id=4226462758878143&page=10> (referer: https://m.weibo.cn/api/comments/show?id=4226462758878143&page=1)
2018-04-13 16:10:07 [scrapy.core.scraper] DEBUG: Scraped from <200 https://m.weibo.cn/api/comments/show?id=4226462758878143&page=10>

2018-04-13 16:10:07 [scrapy.core.engine] DEBUG: Crawled (200) <GET https://m.weibo.cn/api/comments/show?id=4226462758878143&page=9> (referer: https://m.weibo.cn/api/comments/show?id=4226462758878143&page=1)
2018-04-13 16:10:07 [scrapy.core.scraper] DEBUG: Scraped from <200 https://m.weibo.cn/api/comments/show?id=4226462758878143&page=9>

2018-04-13 16:10:07 [scrapy.core.engine] DEBUG: Crawled (200) <GET https://m.weibo.cn/api/comments/show?id=4226462758878143&page=8> (referer: https://m.weibo.cn/api/comments/show?id=4226462758878143&page=1)
2018-04-13 16:10:08 [scrapy.core.scraper] DEBUG: Scraped from <200 https://m.weibo.cn/api/comments/show?id=4226462758878143&page=8>

2018-04-13 16:10:08 [scrapy.core.engine] DEBUG: Crawled (200) <GET https://m.weibo.cn/api/comments/show?id=4226462758878143&page=7> (referer: https://m.weibo.cn/api/comments/show?id=4226462758878143&page=1)
2018-04-13 16:10:08 [scrapy.core.scraper] DEBUG: Scraped from <200 https://m.weibo.cn/api/comments/show?id=4226462758878143&page=7>

2018-04-13 16:10:08 [scrapy.core.engine] DEBUG: Crawled (200) <GET https://m.weibo.cn/api/comments/show?id=4226462758878143&page=6> (referer: https://m.weibo.cn/api/comments/show?id=4226462758878143&page=1)
2018-04-13 16:10:08 [scrapy.core.scraper] DEBUG: Scraped from <200 https://m.weibo.cn/api/comments/show?id=4226462758878143&page=6>

2018-04-13 16:10:08 [scrapy.core.engine] DEBUG: Crawled (200) <GET https://m.weibo.cn/api/comments/show?id=4226462758878143&page=5> (referer: https://m.weibo.cn/api/comments/show?id=4226462758878143&page=1)
2018-04-13 16:10:09 [scrapy.core.scraper] DEBUG: Scraped from <200 https://m.weibo.cn/api/comments/show?id=4226462758878143&page=5>

2018-04-13 16:10:09 [scrapy.core.engine] DEBUG: Crawled (200) <GET https://m.weibo.cn/api/comments/show?id=4226462758878143&page=4> (referer: https://m.weibo.cn/api/comments/show?id=4226462758878143&page=1)
2018-04-13 16:10:09 [scrapy.core.engine] DEBUG: Crawled (200) <GET https://m.weibo.cn/api/comments/show?id=4226462758878143&page=3> (referer: https://m.weibo.cn/api/comments/show?id=4226462758878143&page=1)
2018-04-13 16:10:09 [scrapy.core.scraper] DEBUG: Scraped from <200 https://m.weibo.cn/api/comments/show?id=4226462758878143&page=4>

2018-04-13 16:10:09 [scrapy.core.scraper] DEBUG: Scraped from <200 https://m.weibo.cn/api/comments/show?id=4226462758878143&page=3>

2018-04-13 16:10:09 [scrapy.core.engine] DEBUG: Crawled (200) <GET https://m.weibo.cn/api/comments/show?id=4226462758878143&page=2> (referer: https://m.weibo.cn/api/comments/show?id=4226462758878143&page=1)
2018-04-13 16:10:09 [scrapy.core.scraper] DEBUG: Scraped from <200 https://m.weibo.cn/api/comments/show?id=4226462758878143&page=2>

2018-04-13 16:10:10 [scrapy.core.engine] DEBUG: Crawled (200) <GET https://m.weibo.cn/api/comments/show?id=4226462758878143&page=1> (referer: https://m.weibo.cn/api/comments/show?id=4226462758878143&page=1)
2018-04-13 16:10:10 [scrapy.core.scraper] DEBUG: Scraped from <200 https://m.weibo.cn/api/comments/show?id=4226462758878143&page=1>

2018-04-13 16:10:10 [scrapy.core.engine] INFO: Closing spider (finished)
2018-04-13 16:10:10 [scrapy.statscollectors] INFO: Dumping Scrapy stats:
{'downloader/request_bytes': 7280,
 'downloader/request_count': 19,
 'downloader/request_method_count/GET': 19,
 'downloader/response_bytes': 40166,
 'downloader/response_count': 19,
 'downloader/response_status_count/200': 19,
 'finish_reason': 'finished',
 'finish_time': datetime.datetime(2018, 4, 13, 8, 10, 10, 496880),
 'item_scraped_count': 17,
 'log_count/DEBUG': 37,
 'log_count/INFO': 7,
 'request_depth_max': 1,
 'response_received_count': 19,
 'scheduler/dequeued': 18,
 'scheduler/dequeued/memory': 18,
 'scheduler/enqueued': 18,
 'scheduler/enqueued/memory': 18,
 'start_time': datetime.datetime(2018, 4, 13, 8, 10, 2, 174926)}
2018-04-13 16:10:10 [scrapy.core.engine] INFO: Spider closed (finished)
