2018-04-29 11:44:02 [scrapy.utils.log] INFO: Scrapy 1.5.0 started (bot: weibo_scrapy_api)
2018-04-29 11:44:02 [scrapy.utils.log] INFO: Versions: lxml 4.1.1.0, libxml2 2.9.5, cssselect 1.0.3, parsel 1.2.0, w3lib 1.17.0, Twisted 17.5.0, Python 3.6.2 |Continuum Analytics, Inc.| (default, Jul 20 2017, 12:30:02) [MSC v.1900 64 bit (AMD64)], pyOpenSSL 17.5.0 (OpenSSL 1.0.2n  7 Dec 2017), cryptography 2.1.4, Platform Windows-10-10.0.16299-SP0
2018-04-29 11:44:02 [scrapy.crawler] INFO: Overridden settings: {'BOT_NAME': 'weibo_scrapy_api', 'CONCURRENT_REQUESTS_PER_IP': 300, 'DOWNLOAD_DELAY': 0.2, 'LOG_FILE': 'logs\\default\\comments\\8dcdb17e4b5f11e8a37d001a7dda7113.log', 'NEWSPIDER_MODULE': 'weibo_scrapy_api.spiders', 'ROBOTSTXT_OBEY': True, 'SPIDER_MODULES': ['weibo_scrapy_api.spiders']}
2018-04-29 11:44:02 [scrapy.middleware] INFO: Enabled extensions:
['scrapy.extensions.corestats.CoreStats',
 'scrapy.extensions.telnet.TelnetConsole',
 'scrapy.extensions.logstats.LogStats']
2018-04-29 11:44:02 [scrapy.middleware] INFO: Enabled downloader middlewares:
['scrapy.downloadermiddlewares.robotstxt.RobotsTxtMiddleware',
 'scrapy.downloadermiddlewares.httpauth.HttpAuthMiddleware',
 'scrapy.downloadermiddlewares.downloadtimeout.DownloadTimeoutMiddleware',
 'scrapy.downloadermiddlewares.defaultheaders.DefaultHeadersMiddleware',
 'scrapy.downloadermiddlewares.useragent.UserAgentMiddleware',
 'scrapy.downloadermiddlewares.retry.RetryMiddleware',
 'scrapy.downloadermiddlewares.redirect.MetaRefreshMiddleware',
 'scrapy.downloadermiddlewares.httpcompression.HttpCompressionMiddleware',
 'scrapy.downloadermiddlewares.redirect.RedirectMiddleware',
 'scrapy.downloadermiddlewares.cookies.CookiesMiddleware',
 'scrapy.downloadermiddlewares.httpproxy.HttpProxyMiddleware',
 'scrapy.downloadermiddlewares.stats.DownloaderStats']
2018-04-29 11:44:02 [scrapy.middleware] INFO: Enabled spider middlewares:
['scrapy.spidermiddlewares.httperror.HttpErrorMiddleware',
 'scrapy.spidermiddlewares.offsite.OffsiteMiddleware',
 'scrapy.spidermiddlewares.referer.RefererMiddleware',
 'scrapy.spidermiddlewares.urllength.UrlLengthMiddleware',
 'scrapy.spidermiddlewares.depth.DepthMiddleware']
2018-04-29 11:44:02 [scrapy.middleware] INFO: Enabled item pipelines:
['weibo_scrapy_api.pipelines.WeiboScrapyApiPipeline']
2018-04-29 11:44:02 [scrapy.core.engine] INFO: Spider opened
2018-04-29 11:44:02 [scrapy.extensions.logstats] INFO: Crawled 0 pages (at 0 pages/min), scraped 0 items (at 0 items/min)
2018-04-29 11:44:02 [scrapy.extensions.telnet] DEBUG: Telnet console listening on 127.0.0.1:6023
2018-04-29 11:44:03 [scrapy.core.engine] DEBUG: Crawled (200) <GET https://m.weibo.cn/robots.txt> (referer: None)
2018-04-29 11:44:03 [scrapy.core.engine] DEBUG: Crawled (200) <GET https://m.weibo.cn/api/comments/show?id=4234101940717253&page=1> (referer: None)
2018-04-29 11:44:03 [scrapy.core.scraper] ERROR: Spider error processing <GET https://m.weibo.cn/api/comments/show?id=4234101940717253&page=1> (referer: None)
Traceback (most recent call last):
  File "d:\anaconda2\envs\py3\envs\graduation_pj\lib\site-packages\scrapy\utils\defer.py", line 102, in iter_errback
    yield next(it)
  File "d:\anaconda2\envs\py3\envs\graduation_pj\lib\site-packages\scrapy\spidermiddlewares\offsite.py", line 30, in process_spider_output
    for x in result:
  File "d:\anaconda2\envs\py3\envs\graduation_pj\lib\site-packages\scrapy\spidermiddlewares\referer.py", line 339, in <genexpr>
    return (_set_referer(r) for r in result or ())
  File "d:\anaconda2\envs\py3\envs\graduation_pj\lib\site-packages\scrapy\spidermiddlewares\urllength.py", line 37, in <genexpr>
    return (r for r in result or () if _filter(r))
  File "d:\anaconda2\envs\py3\envs\graduation_pj\lib\site-packages\scrapy\spidermiddlewares\depth.py", line 58, in <genexpr>
    return (r for r in result or () if _filter(r))
  File "D:\Python\Graduation_pj\DjangoVisual\weibo_scrapy_api\weibo_scrapy_api\spiders\comments_spider.py", line 17, in parse
    max_page=json.loads(response.text)['data']['max']
KeyError: 'data'
2018-04-29 11:44:03 [scrapy.core.engine] INFO: Closing spider (finished)
2018-04-29 11:44:03 [scrapy.statscollectors] INFO: Dumping Scrapy stats:
{'downloader/request_bytes': 472,
 'downloader/request_count': 2,
 'downloader/request_method_count/GET': 2,
 'downloader/response_bytes': 1090,
 'downloader/response_count': 2,
 'downloader/response_status_count/200': 2,
 'finish_reason': 'finished',
 'finish_time': datetime.datetime(2018, 4, 29, 3, 44, 3, 410325),
 'log_count/DEBUG': 3,
 'log_count/ERROR': 1,
 'log_count/INFO': 7,
 'response_received_count': 2,
 'scheduler/dequeued': 1,
 'scheduler/dequeued/memory': 1,
 'scheduler/enqueued': 1,
 'scheduler/enqueued/memory': 1,
 'spider_exceptions/KeyError': 1,
 'start_time': datetime.datetime(2018, 4, 29, 3, 44, 2, 975475)}
2018-04-29 11:44:03 [scrapy.core.engine] INFO: Spider closed (finished)
