2018-04-14 15:46:35 [scrapy.utils.log] INFO: Scrapy 1.5.0 started (bot: weibo_scrapy_api)
2018-04-14 15:46:35 [scrapy.utils.log] INFO: Versions: lxml 4.1.1.0, libxml2 2.9.5, cssselect 1.0.3, parsel 1.2.0, w3lib 1.17.0, Twisted 17.5.0, Python 3.6.2 |Continuum Analytics, Inc.| (default, Jul 20 2017, 12:30:02) [MSC v.1900 64 bit (AMD64)], pyOpenSSL 17.5.0 (OpenSSL 1.0.2n  7 Dec 2017), cryptography 2.1.4, Platform Windows-10-10.0.10586-SP0
2018-04-14 15:46:35 [scrapy.crawler] INFO: Overridden settings: {'BOT_NAME': 'weibo_scrapy_api', 'CONCURRENT_REQUESTS_PER_IP': 300, 'DOWNLOAD_DELAY': 0.2, 'LOG_FILE': 'logs\\default\\comments\\f15652c23fb711e89d45001a7dda7113.log', 'NEWSPIDER_MODULE': 'weibo_scrapy_api.spiders', 'ROBOTSTXT_OBEY': True, 'SPIDER_MODULES': ['weibo_scrapy_api.spiders']}
2018-04-14 15:46:35 [scrapy.middleware] INFO: Enabled extensions:
['scrapy.extensions.corestats.CoreStats',
 'scrapy.extensions.telnet.TelnetConsole',
 'scrapy.extensions.logstats.LogStats']
2018-04-14 15:46:35 [scrapy.middleware] INFO: Enabled downloader middlewares:
['scrapy.downloadermiddlewares.robotstxt.RobotsTxtMiddleware',
 'scrapy.downloadermiddlewares.httpauth.HttpAuthMiddleware',
 'scrapy.downloadermiddlewares.downloadtimeout.DownloadTimeoutMiddleware',
 'scrapy.downloadermiddlewares.defaultheaders.DefaultHeadersMiddleware',
 'scrapy.downloadermiddlewares.useragent.UserAgentMiddleware',
 'scrapy.downloadermiddlewares.retry.RetryMiddleware',
 'scrapy.downloadermiddlewares.redirect.MetaRefreshMiddleware',
 'scrapy.downloadermiddlewares.httpcompression.HttpCompressionMiddleware',
 'scrapy.downloadermiddlewares.redirect.RedirectMiddleware',
 'scrapy.downloadermiddlewares.cookies.CookiesMiddleware',
 'scrapy.downloadermiddlewares.httpproxy.HttpProxyMiddleware',
 'scrapy.downloadermiddlewares.stats.DownloaderStats']
2018-04-14 15:46:35 [scrapy.middleware] INFO: Enabled spider middlewares:
['scrapy.spidermiddlewares.httperror.HttpErrorMiddleware',
 'scrapy.spidermiddlewares.offsite.OffsiteMiddleware',
 'scrapy.spidermiddlewares.referer.RefererMiddleware',
 'scrapy.spidermiddlewares.urllength.UrlLengthMiddleware',
 'scrapy.spidermiddlewares.depth.DepthMiddleware']
2018-04-14 15:46:35 [scrapy.middleware] INFO: Enabled item pipelines:
['weibo_scrapy_api.pipelines.WeiboScrapyApiPipeline']
2018-04-14 15:46:35 [scrapy.core.engine] INFO: Spider opened
2018-04-14 15:46:35 [scrapy.extensions.logstats] INFO: Crawled 0 pages (at 0 pages/min), scraped 0 items (at 0 items/min)
2018-04-14 15:46:35 [scrapy.extensions.telnet] DEBUG: Telnet console listening on 127.0.0.1:6023
2018-04-14 15:46:36 [scrapy.core.engine] DEBUG: Crawled (200) <GET https://m.weibo.cn/robots.txt> (referer: None)
2018-04-14 15:46:37 [scrapy.core.engine] DEBUG: Crawled (200) <GET https://m.weibo.cn/api/comments/show?id=4228720607192267&page=1> (referer: None)
2018-04-14 15:46:37 [scrapy.core.engine] DEBUG: Crawled (200) <GET https://m.weibo.cn/api/comments/show?id=4228720607192267&page=5> (referer: https://m.weibo.cn/api/comments/show?id=4228720607192267&page=1)
2018-04-14 15:46:37 [scrapy.core.scraper] DEBUG: Scraped from <200 https://m.weibo.cn/api/comments/show?id=4228720607192267&page=5>

2018-04-14 15:46:38 [scrapy.core.engine] DEBUG: Crawled (200) <GET https://m.weibo.cn/api/comments/show?id=4228720607192267&page=4> (referer: https://m.weibo.cn/api/comments/show?id=4228720607192267&page=1)
2018-04-14 15:46:38 [scrapy.core.engine] DEBUG: Crawled (200) <GET https://m.weibo.cn/api/comments/show?id=4228720607192267&page=2> (referer: https://m.weibo.cn/api/comments/show?id=4228720607192267&page=1)
2018-04-14 15:46:38 [scrapy.core.scraper] DEBUG: Scraped from <200 https://m.weibo.cn/api/comments/show?id=4228720607192267&page=4>

2018-04-14 15:46:38 [scrapy.core.scraper] DEBUG: Scraped from <200 https://m.weibo.cn/api/comments/show?id=4228720607192267&page=2>

2018-04-14 15:46:38 [scrapy.core.engine] DEBUG: Crawled (200) <GET https://m.weibo.cn/api/comments/show?id=4228720607192267&page=3> (referer: https://m.weibo.cn/api/comments/show?id=4228720607192267&page=1)
2018-04-14 15:46:38 [scrapy.core.scraper] DEBUG: Scraped from <200 https://m.weibo.cn/api/comments/show?id=4228720607192267&page=3>

2018-04-14 15:46:38 [scrapy.core.engine] DEBUG: Crawled (200) <GET https://m.weibo.cn/api/comments/show?id=4228720607192267&page=1> (referer: https://m.weibo.cn/api/comments/show?id=4228720607192267&page=1)
2018-04-14 15:46:39 [scrapy.core.scraper] DEBUG: Scraped from <200 https://m.weibo.cn/api/comments/show?id=4228720607192267&page=1>

2018-04-14 15:46:39 [scrapy.core.engine] INFO: Closing spider (finished)
2018-04-14 15:46:39 [scrapy.statscollectors] INFO: Dumping Scrapy stats:
{'downloader/request_bytes': 2472,
 'downloader/request_count': 7,
 'downloader/request_method_count/GET': 7,
 'downloader/response_bytes': 14479,
 'downloader/response_count': 7,
 'downloader/response_status_count/200': 7,
 'finish_reason': 'finished',
 'finish_time': datetime.datetime(2018, 4, 14, 7, 46, 39, 128318),
 'item_scraped_count': 5,
 'log_count/DEBUG': 13,
 'log_count/INFO': 7,
 'request_depth_max': 1,
 'response_received_count': 7,
 'scheduler/dequeued': 6,
 'scheduler/dequeued/memory': 6,
 'scheduler/enqueued': 6,
 'scheduler/enqueued/memory': 6,
 'start_time': datetime.datetime(2018, 4, 14, 7, 46, 35, 959717)}
2018-04-14 15:46:39 [scrapy.core.engine] INFO: Spider closed (finished)
