2018-03-05 22:13:20 [scrapy.utils.log] INFO: Scrapy 1.5.0 started (bot: weibo_scrapy_api)
2018-03-05 22:13:20 [scrapy.utils.log] INFO: Versions: lxml 4.1.1.0, libxml2 2.9.5, cssselect 1.0.3, parsel 1.2.0, w3lib 1.17.0, Twisted 17.5.0, Python 3.6.2 |Continuum Analytics, Inc.| (default, Jul 20 2017, 12:30:02) [MSC v.1900 64 bit (AMD64)], pyOpenSSL 17.5.0 (OpenSSL 1.0.2n  7 Dec 2017), cryptography 2.1.4, Platform Windows-10-10.0.10586-SP0
2018-03-05 22:13:20 [scrapy.crawler] INFO: Overridden settings: {'BOT_NAME': 'weibo_scrapy_api', 'CONCURRENT_REQUESTS_PER_IP': 300, 'DOWNLOAD_DELAY': 0.2, 'LOG_FILE': 'logs\\default\\fans\\36b91bee207f11e88b1a1c1b0d1dd35e.log', 'NEWSPIDER_MODULE': 'weibo_scrapy_api.spiders', 'ROBOTSTXT_OBEY': True, 'SPIDER_MODULES': ['weibo_scrapy_api.spiders']}
2018-03-05 22:13:20 [scrapy.middleware] INFO: Enabled extensions:
['scrapy.extensions.corestats.CoreStats',
 'scrapy.extensions.telnet.TelnetConsole',
 'scrapy.extensions.logstats.LogStats']
2018-03-05 22:13:20 [scrapy.middleware] INFO: Enabled downloader middlewares:
['scrapy.downloadermiddlewares.robotstxt.RobotsTxtMiddleware',
 'scrapy.downloadermiddlewares.httpauth.HttpAuthMiddleware',
 'scrapy.downloadermiddlewares.downloadtimeout.DownloadTimeoutMiddleware',
 'scrapy.downloadermiddlewares.defaultheaders.DefaultHeadersMiddleware',
 'scrapy.downloadermiddlewares.useragent.UserAgentMiddleware',
 'scrapy.downloadermiddlewares.retry.RetryMiddleware',
 'scrapy.downloadermiddlewares.redirect.MetaRefreshMiddleware',
 'scrapy.downloadermiddlewares.httpcompression.HttpCompressionMiddleware',
 'scrapy.downloadermiddlewares.redirect.RedirectMiddleware',
 'scrapy.downloadermiddlewares.cookies.CookiesMiddleware',
 'scrapy.downloadermiddlewares.httpproxy.HttpProxyMiddleware',
 'scrapy.downloadermiddlewares.stats.DownloaderStats']
2018-03-05 22:13:20 [scrapy.middleware] INFO: Enabled spider middlewares:
['scrapy.spidermiddlewares.httperror.HttpErrorMiddleware',
 'scrapy.spidermiddlewares.offsite.OffsiteMiddleware',
 'scrapy.spidermiddlewares.referer.RefererMiddleware',
 'scrapy.spidermiddlewares.urllength.UrlLengthMiddleware',
 'scrapy.spidermiddlewares.depth.DepthMiddleware']
2018-03-05 22:13:20 [twisted] CRITICAL: Unhandled error in Deferred:
2018-03-05 22:13:20 [twisted] CRITICAL: 
Traceback (most recent call last):
  File "d:\anaconda2\envs\py3\envs\graduation_pj\lib\site-packages\twisted\internet\defer.py", line 1386, in _inlineCallbacks
    result = g.send(result)
  File "d:\anaconda2\envs\py3\envs\graduation_pj\lib\site-packages\scrapy\crawler.py", line 80, in crawl
    self.engine = self._create_engine()
  File "d:\anaconda2\envs\py3\envs\graduation_pj\lib\site-packages\scrapy\crawler.py", line 105, in _create_engine
    return ExecutionEngine(self, lambda _: self.stop())
  File "d:\anaconda2\envs\py3\envs\graduation_pj\lib\site-packages\scrapy\core\engine.py", line 70, in __init__
    self.scraper = Scraper(crawler)
  File "d:\anaconda2\envs\py3\envs\graduation_pj\lib\site-packages\scrapy\core\scraper.py", line 71, in __init__
    self.itemproc = itemproc_cls.from_crawler(crawler)
  File "d:\anaconda2\envs\py3\envs\graduation_pj\lib\site-packages\scrapy\middleware.py", line 58, in from_crawler
    return cls.from_settings(crawler.settings, crawler)
  File "d:\anaconda2\envs\py3\envs\graduation_pj\lib\site-packages\scrapy\middleware.py", line 34, in from_settings
    mwcls = load_object(clspath)
  File "d:\anaconda2\envs\py3\envs\graduation_pj\lib\site-packages\scrapy\utils\misc.py", line 44, in load_object
    mod = import_module(module)
  File "d:\anaconda2\envs\py3\envs\graduation_pj\lib\importlib\__init__.py", line 126, in import_module
    return _bootstrap._gcd_import(name[level:], package, level)
  File "<frozen importlib._bootstrap>", line 978, in _gcd_import
  File "<frozen importlib._bootstrap>", line 961, in _find_and_load
  File "<frozen importlib._bootstrap>", line 950, in _find_and_load_unlocked
  File "<frozen importlib._bootstrap>", line 655, in _load_unlocked
  File "<frozen importlib._bootstrap_external>", line 678, in exec_module
  File "<frozen importlib._bootstrap>", line 205, in _call_with_frames_removed
  File "D:\Python\Graduation_pj\DjangoVisual\weibo_scrapy_api\weibo_scrapy_api\pipelines.py", line 13, in <module>
    from main.models import UserItem_dj,fans_1_Item_dj,fans_2_Item_dj,post_Item_dj
ModuleNotFoundError: No module named 'main'
