2018-03-10 23:04:41 [scrapy.utils.log] INFO: Scrapy 1.5.0 started (bot: weibo_scrapy_api)
2018-03-10 23:04:41 [scrapy.utils.log] INFO: Versions: lxml 4.1.1.0, libxml2 2.9.5, cssselect 1.0.3, parsel 1.2.0, w3lib 1.17.0, Twisted 17.5.0, Python 3.6.2 |Continuum Analytics, Inc.| (default, Jul 20 2017, 12:30:02) [MSC v.1900 64 bit (AMD64)], pyOpenSSL 17.5.0 (OpenSSL 1.0.2n  7 Dec 2017), cryptography 2.1.4, Platform Windows-10-10.0.10586-SP0
2018-03-10 23:04:41 [scrapy.crawler] INFO: Overridden settings: {'BOT_NAME': 'weibo_scrapy_api', 'CONCURRENT_REQUESTS_PER_IP': 300, 'DOWNLOAD_DELAY': 0.2, 'LOG_FILE': 'logs\\default\\fans\\584964a2247411e8bc43001a7dda7113.log', 'NEWSPIDER_MODULE': 'weibo_scrapy_api.spiders', 'ROBOTSTXT_OBEY': True, 'SPIDER_MODULES': ['weibo_scrapy_api.spiders']}
2018-03-10 23:04:41 [scrapy.middleware] INFO: Enabled extensions:
['scrapy.extensions.corestats.CoreStats',
 'scrapy.extensions.telnet.TelnetConsole',
 'scrapy.extensions.logstats.LogStats']
2018-03-10 23:04:41 [scrapy.middleware] INFO: Enabled downloader middlewares:
['scrapy.downloadermiddlewares.robotstxt.RobotsTxtMiddleware',
 'scrapy.downloadermiddlewares.httpauth.HttpAuthMiddleware',
 'scrapy.downloadermiddlewares.downloadtimeout.DownloadTimeoutMiddleware',
 'scrapy.downloadermiddlewares.defaultheaders.DefaultHeadersMiddleware',
 'scrapy.downloadermiddlewares.useragent.UserAgentMiddleware',
 'scrapy.downloadermiddlewares.retry.RetryMiddleware',
 'scrapy.downloadermiddlewares.redirect.MetaRefreshMiddleware',
 'scrapy.downloadermiddlewares.httpcompression.HttpCompressionMiddleware',
 'scrapy.downloadermiddlewares.redirect.RedirectMiddleware',
 'scrapy.downloadermiddlewares.cookies.CookiesMiddleware',
 'scrapy.downloadermiddlewares.httpproxy.HttpProxyMiddleware',
 'scrapy.downloadermiddlewares.stats.DownloaderStats']
2018-03-10 23:04:41 [scrapy.middleware] INFO: Enabled spider middlewares:
['scrapy.spidermiddlewares.httperror.HttpErrorMiddleware',
 'scrapy.spidermiddlewares.offsite.OffsiteMiddleware',
 'scrapy.spidermiddlewares.referer.RefererMiddleware',
 'scrapy.spidermiddlewares.urllength.UrlLengthMiddleware',
 'scrapy.spidermiddlewares.depth.DepthMiddleware']
2018-03-10 23:04:41 [scrapy.middleware] INFO: Enabled item pipelines:
['weibo_scrapy_api.pipelines.WeiboScrapyApiPipeline']
2018-03-10 23:04:41 [scrapy.core.engine] INFO: Spider opened
2018-03-10 23:04:41 [scrapy.extensions.logstats] INFO: Crawled 0 pages (at 0 pages/min), scraped 0 items (at 0 items/min)
2018-03-10 23:04:41 [scrapy.extensions.telnet] DEBUG: Telnet console listening on 127.0.0.1:6023
2018-03-10 23:04:41 [scrapy.core.engine] DEBUG: Crawled (200) <GET https://m.weibo.cn/robots.txt> (referer: None)
2018-03-10 23:04:42 [scrapy.core.engine] DEBUG: Crawled (200) <GET https://m.weibo.cn/api/container/getIndex?value=4215367683223348&containerid=1076034215367683223348&page=1> (referer: None)
2018-03-10 23:04:42 [scrapy.core.engine] DEBUG: Crawled (200) <GET https://m.weibo.cn/api/container/getIndex?containerid=2302834215367683223348_-_INFO> (referer: None)
2018-03-10 23:04:42 [scrapy.core.engine] DEBUG: Crawled (200) <GET https://m.weibo.cn/api/container/getIndex?value=4215367683223348&containerid=1076034215367683223348&page=2> (referer: None)
2018-03-10 23:04:42 [root] WARNING: 用户不存在
2018-03-10 23:04:42 [scrapy.core.engine] DEBUG: Crawled (200) <GET https://m.weibo.cn/api/container/getIndex?value=4215367683223348&containerid=1076034215367683223348&page=3> (referer: None)
2018-03-10 23:04:42 [scrapy.core.engine] DEBUG: Crawled (200) <GET https://m.weibo.cn/api/container/getIndex?value=4215367683223348&containerid=1076034215367683223348&page=4> (referer: None)
2018-03-10 23:04:42 [scrapy.core.engine] DEBUG: Crawled (200) <GET https://m.weibo.cn/api/container/getIndex?value=4215367683223348&containerid=1076034215367683223348&page=5> (referer: None)
2018-03-10 23:04:43 [scrapy.core.engine] DEBUG: Crawled (200) <GET https://m.weibo.cn/api/container/getIndex?value=4215367683223348&containerid=1076034215367683223348&page=6> (referer: None)
2018-03-10 23:04:43 [scrapy.core.engine] DEBUG: Crawled (200) <GET https://m.weibo.cn/api/container/getIndex?value=4215367683223348&containerid=1076034215367683223348&page=7> (referer: None)
2018-03-10 23:04:43 [scrapy.core.engine] DEBUG: Crawled (200) <GET https://m.weibo.cn/api/container/getIndex?value=4215367683223348&containerid=1076034215367683223348&page=8> (referer: None)
2018-03-10 23:04:43 [scrapy.core.engine] DEBUG: Crawled (200) <GET https://m.weibo.cn/api/container/getIndex?value=4215367683223348&containerid=1076034215367683223348&page=9> (referer: None)
2018-03-10 23:04:43 [scrapy.core.engine] DEBUG: Crawled (200) <GET https://m.weibo.cn/api/container/getIndex?value=4215367683223348&containerid=1076034215367683223348&page=10> (referer: None)
2018-03-10 23:04:44 [scrapy.core.engine] INFO: Closing spider (finished)
2018-03-10 23:04:44 [scrapy.statscollectors] INFO: Dumping Scrapy stats:
{'downloader/request_bytes': 3453,
 'downloader/request_count': 12,
 'downloader/request_method_count/GET': 12,
 'downloader/response_bytes': 10007,
 'downloader/response_count': 12,
 'downloader/response_status_count/200': 12,
 'finish_reason': 'finished',
 'finish_time': datetime.datetime(2018, 3, 10, 15, 4, 44, 22257),
 'log_count/DEBUG': 13,
 'log_count/INFO': 7,
 'log_count/WARNING': 1,
 'response_received_count': 12,
 'scheduler/dequeued': 11,
 'scheduler/dequeued/memory': 11,
 'scheduler/enqueued': 11,
 'scheduler/enqueued/memory': 11,
 'start_time': datetime.datetime(2018, 3, 10, 15, 4, 41, 239768)}
2018-03-10 23:04:44 [scrapy.core.engine] INFO: Spider closed (finished)
